d:\iritech\code\manageemployee\manageemployee\x64\debug\vc142.pdb
d:\iritech\code\manageemployee\manageemployee\x64\debug\vc142.idb
d:\iritech\code\manageemployee\manageemployee\x64\debug\qrc_manageemployee.obj
d:\iritech\code\manageemployee\manageemployee\x64\debug\moc_signupadmin.obj
d:\iritech\code\manageemployee\manageemployee\x64\debug\moc_manageemployee.obj
d:\iritech\code\manageemployee\manageemployee\x64\debug\moc_databasemanager.obj
d:\iritech\code\manageemployee\manageemployee\x64\debug\main.obj
d:\iritech\code\manageemployee\manageemployee\x64\debug\signupadmin.obj
d:\iritech\code\manageemployee\manageemployee\x64\debug\manageemployee.obj
d:\iritech\code\manageemployee\manageemployee\x64\debug\databasemanager.obj
d:\iritech\code\manageemployee\manageemployee\x64\debug\navbar.obj
d:\iritech\code\manageemployee\manageemployee\x64\debug\dialogformloginadmin.obj
d:\iritech\code\manageemployee\manageemployee\x64\debug\moc_dialogformloginadmin.obj
d:\iritech\code\manageemployee\manageemployee\x64\debug\moc_navbar.obj
d:\iritech\code\manageemployee\manageemployee\x64\debug\moc_menulist.obj
d:\iritech\code\manageemployee\manageemployee\x64\debug\menulist.obj
d:\iritech\code\manageemployee\manageemployee\x64\debug\managedepartment.obj
d:\iritech\code\manageemployee\manageemployee\x64\debug\mainwindow.obj
d:\iritech\code\manageemployee\manageemployee\x64\debug\moc_mainwindow.obj
d:\iritech\code\manageemployee\manageemployee\x64\debug\moc_managedepartment.obj
d:\iritech\code\manageemployee\manageemployee\x64\debug\dialogformdepartment.obj
d:\iritech\code\manageemployee\manageemployee\x64\debug\moc_dialogformdepartment.obj
d:\iritech\code\manageemployee\manageemployee\x64\debug\dialogformemployee.obj
d:\iritech\code\manageemployee\manageemployee\x64\debug\moc_dialogformemployee.obj
d:\iritech\code\manageemployee\manageemployee\x64\debug\iritracker.obj
d:\iritech\code\manageemployee\manageemployee\x64\debug\util.obj
d:\iritech\code\manageemployee\manageemployee\x64\debug\employeemodel.obj
d:\iritech\code\manageemployee\manageemployee\x64\debug\departmentmodel.obj
d:\iritech\code\manageemployee\manageemployee\x64\debug\mainwindowcontroller.obj
d:\iritech\code\manageemployee\manageemployee\x64\debug\moc_mainwindowcontroller.obj
d:\iritech\code\manageemployee\manageemployee\x64\debug\moc_managedepartmentcontroller.obj
d:\iritech\code\manageemployee\manageemployee\x64\debug\managedepartmentcontroller.obj
d:\iritech\code\manageemployee\manageemployee\x64\debug\departmentrepository.obj
d:\iritech\code\manageemployee\manageemployee\x64\debug\moc_departmentrepository.obj
d:\iritech\code\manageemployee\manageemployee\x64\debug\manageemployeecontroller.obj
d:\iritech\code\manageemployee\manageemployee\x64\debug\employeerepository.obj
d:\iritech\code\manageemployee\manageemployee\x64\debug\moc_employeerepository.obj
d:\iritech\code\manageemployee\manageemployee\x64\debug\moc_manageemployeecontroller.obj
d:\iritech\code\manageemployee\manageemployee\x64\debug\signupadmincontroller.obj
d:\iritech\code\manageemployee\manageemployee\x64\debug\moc_signupadmincontroller.obj
d:\iritech\code\manageemployee\manageemployee\x64\debug\navbarcontroller.obj
d:\iritech\code\manageemployee\manageemployee\x64\debug\moc_navbarcontroller.obj
d:\iritech\code\manageemployee\manageemployee\x64\debug\moc_errorlabel.obj
d:\iritech\code\manageemployee\x64\debug\manageemployee.exe
d:\iritech\code\manageemployee\manageemployee\x64\debug\manageemployee.ilk
d:\iritech\code\manageemployee\x64\debug\manageemployee.pdb
d:\iritech\code\manageemployee\manageemployee\x64\debug\uic\ui_manageemployee.h
d:\iritech\code\manageemployee\manageemployee\x64\debug\rcc\qrc_manageemployee.cpp
d:\iritech\code\manageemployee\manageemployee\x64\debug\moc\moc_manageemployee.cpp
d:\iritech\code\manageemployee\manageemployee\x64\debug\uic\ui_signupadmin.h
d:\iritech\code\manageemployee\manageemployee\x64\debug\moc\moc_signupadmin.cpp
d:\iritech\code\manageemployee\manageemployee\x64\debug\moc\moc_databasemanager.cpp
d:\iritech\code\manageemployee\manageemployee\x64\debug\moc\databasemanager.moc
d:\iritech\code\manageemployee\manageemployee\x64\debug\uic\ui_navbar.h
d:\iritech\code\manageemployee\manageemployee\x64\debug\moc\moc_navbar.cpp
d:\iritech\code\manageemployee\manageemployee\x64\debug\uic\ui_dialogformloginadmin.h
d:\iritech\code\manageemployee\manageemployee\x64\debug\moc\moc_dialogformloginadmin.cpp
d:\iritech\code\manageemployee\manageemployee\x64\debug\uic\ui_menulist.h
d:\iritech\code\manageemployee\manageemployee\x64\debug\moc\moc_menulist.cpp
d:\iritech\code\manageemployee\manageemployee\x64\debug\uic\ui_mainwindow.h
d:\iritech\code\manageemployee\manageemployee\x64\debug\moc\moc_mainwindow.cpp
d:\iritech\code\manageemployee\manageemployee\x64\debug\uic\ui_managedepartment.h
d:\iritech\code\manageemployee\manageemployee\x64\debug\moc\moc_managedepartment.cpp
d:\iritech\code\manageemployee\manageemployee\x64\debug\uic\ui_dialogformdepartment.h
d:\iritech\code\manageemployee\manageemployee\x64\debug\moc\moc_dialogformdepartment.cpp
d:\iritech\code\manageemployee\manageemployee\x64\debug\qt\uic\ui_dialogformdepartment.h
d:\iritech\code\manageemployee\manageemployee\x64\debug\qt\uic\ui_dialogformloginadmin.h
d:\iritech\code\manageemployee\manageemployee\x64\debug\qt\uic\ui_mainwindow.h
d:\iritech\code\manageemployee\manageemployee\x64\debug\qt\uic\ui_managedepartment.h
d:\iritech\code\manageemployee\manageemployee\x64\debug\qt\uic\ui_manageemployee.h
d:\iritech\code\manageemployee\manageemployee\x64\debug\qt\uic\ui_menulist.h
d:\iritech\code\manageemployee\manageemployee\x64\debug\qt\uic\ui_navbar.h
d:\iritech\code\manageemployee\manageemployee\x64\debug\qt\uic\ui_signupadmin.h
d:\iritech\code\manageemployee\manageemployee\x64\debug\qt\rcc\qrc_manageemployee.cpp
d:\iritech\code\manageemployee\manageemployee\x64\debug\qt\moc\moc_mainwindow.cpp
d:\iritech\code\manageemployee\manageemployee\x64\debug\qt\moc\moc_signupadmin.cpp
d:\iritech\code\manageemployee\manageemployee\x64\debug\qt\moc\moc_databasemanager.cpp
d:\iritech\code\manageemployee\manageemployee\x64\debug\qt\moc\moc_navbar.cpp
d:\iritech\code\manageemployee\manageemployee\x64\debug\qt\moc\moc_dialogformloginadmin.cpp
d:\iritech\code\manageemployee\manageemployee\x64\debug\qt\moc\moc_menulist.cpp
d:\iritech\code\manageemployee\manageemployee\x64\debug\qt\moc\moc_managedepartment.cpp
d:\iritech\code\manageemployee\manageemployee\x64\debug\qt\moc\moc_manageemployee.cpp
d:\iritech\code\manageemployee\manageemployee\x64\debug\qt\moc\moc_dialogformdepartment.cpp
d:\iritech\code\manageemployee\manageemployee\x64\debug\qt\uic\ui_dialogformemployee.h
d:\iritech\code\manageemployee\manageemployee\x64\debug\qt\moc\moc_dialogformemployee.cpp
d:\iritech\code\manageemployee\manageemployee\x64\debug\qt\moc\moc_mainwindow1.cpp
d:\iritech\code\manageemployee\manageemployee\x64\debug\qt\uic\ui_mainwindow1.h
d:\iritech\code\manageemployee\manageemployee\x64\debug\qt\moc\moc_mainwindowcontroller.cpp
d:\iritech\code\manageemployee\manageemployee\x64\debug\qt\moc\moc_managedepartmentcontroller.cpp
d:\iritech\code\manageemployee\manageemployee\x64\debug\qt\moc\moc_departmentrepository.cpp
d:\iritech\code\manageemployee\manageemployee\x64\debug\qt\moc\moc_employeerepository.cpp
d:\iritech\code\manageemployee\manageemployee\x64\debug\qt\moc\moc_manageemployeecontroller.cpp
d:\iritech\code\manageemployee\manageemployee\x64\debug\qt\moc\moc_signupadmincontroller.cpp
d:\iritech\code\manageemployee\manageemployee\x64\debug\qt\moc\moc_navbarcontroller.cpp
d:\iritech\code\manageemployee\manageemployee\x64\debug\qt\moc\moc_errorlabel.cpp
d:\iritech\code\manageemployee\manageemployee\x64\debug\mainwindow1.obj
d:\iritech\code\manageemployee\manageemployee\x64\debug\manageemployee.tlog\cl.command.1.tlog
d:\iritech\code\manageemployee\manageemployee\x64\debug\manageemployee.tlog\cl.read.1.tlog
d:\iritech\code\manageemployee\manageemployee\x64\debug\manageemployee.tlog\cl.write.1.tlog
d:\iritech\code\manageemployee\manageemployee\x64\debug\manageemployee.tlog\link.command.1.tlog
d:\iritech\code\manageemployee\manageemployee\x64\debug\manageemployee.tlog\link.read.1.tlog
d:\iritech\code\manageemployee\manageemployee\x64\debug\manageemployee.tlog\link.write.1.tlog
d:\iritech\code\manageemployee\manageemployee\x64\debug\manageemployee.tlog\manageemployee.write.1u.tlog
d:\iritech\code\manageemployee\manageemployee\x64\debug\manageemployee.tlog\moc.read.1u.tlog
d:\iritech\code\manageemployee\manageemployee\x64\debug\manageemployee.tlog\moc.write.1u.tlog
d:\iritech\code\manageemployee\manageemployee\x64\debug\manageemployee.tlog\rcc.read.1u.tlog
d:\iritech\code\manageemployee\manageemployee\x64\debug\manageemployee.tlog\rcc.write.1u.tlog
d:\iritech\code\manageemployee\manageemployee\x64\debug\manageemployee.tlog\uic.read.1u.tlog
d:\iritech\code\manageemployee\manageemployee\x64\debug\manageemployee.tlog\uic.write.1u.tlog
