   Qt/MSBuild: 3.3.1.1
   Qt: 5.15.2
  AudioUtils.cpp
  BulletinModel.cpp
  BulletinRepositoryMYSQL.cpp
  BulletinRepositorySQLite.cpp
  DatabaseManagerMYSQL.cpp
  DatabaseManagerSQLite.cpp
  DialogChangeDatabase.cpp
  DialogFormBulletin.cpp
  EmployeeCheckInOutController.cpp
  Iddk2000_features.cpp
D:\IriTech\Code\ManageEmployee\ManageEmployee\Iddk2000_features.cpp(1203,12): warning C4101: 'imgData': unreferenced local variable
D:\IriTech\Code\ManageEmployee\ManageEmployee\Iddk2000_features.cpp(1418,12): warning C4101: 'imgData': unreferenced local variable
  ToolsController.cpp
  main.cpp
  Generating Code...
D:\IriTech\Code\ManageEmployee\ManageEmployee\Iddk2000_features.cpp(1187): warning C4715: 'getEyeSideStr': not all control paths return a value
D:\IriTech\Code\ManageEmployee\ManageEmployee\Iddk2000_features.cpp(1520): warning C4715: 'get_result_image_custom': not all control paths return a value
D:\IriTech\Code\ManageEmployee\ManageEmployee\Iddk2000_features.cpp(1795): warning C4715: 'getLivenessStatusStr': not all control paths return a value
  ManageEmployee.vcxproj -> D:\IriTech\Code\ManageEmployee\x64\Debug\ManageEmployee.exe
